
2023-04-26 16:19:39
等待客户端连接，监听端口号2000......
Connection from 127.0.0.1
连接断开
Connection from 127.0.0.1
连接断开
Connection from 127.0.0.1
连接断开
Connection from 127.0.0.1
连接断开
Connection from 127.0.0.1
连接断开
Connection from 127.0.0.1
连接断开
Connection from 127.0.0.1
连接断开
Connection from 127.0.0.1
车辆补发数据..............
应答包如下:
23|23|03|02|4C|57|4C|52|4D|42|4E|47|35|4E|4C|30|39|37|39|39|32|01|00|06|17|04|12|0E|2B|16|0C|
 checkSum= false   报文接收成功
23|23|03|FE|4C|57|4C|52|4D|42|4E|47|35|4E|4C|30|39|37|39|39|32|01|01|AB|17|04|12|0E|2B|16|01|01|03|01|00|00|00|03|B4|C0|14|5D|27|15|62|01|00|E6|78|00|00|02|01|01|02|3E|FF|FF|4E|20|3E|14|5F|27|0A|05|00|06|55|DA|E4|01|C2|78|4E|06|01|1D|0D|1F|01|32|0D|06|01|01|3F|01|06|3E|07|02|00|00|00|00|00|01|00|00|00|00|00|00|08|01|01|14|5D|27|15|00|9C|00|01|9C|0D|0A|0D|10|0D|11|0D|0E|0D|09|0D|0F|0D|0E|0D|11|0D|09|0D|0D|0D|0C|0D|0F|0D|11|0D|15|0D|07|0D|08|0D|14|0D|12|0D|13|0D|08|0D|12|0D|0D|0D|08|0D|0E|0D|0C|0D|0A|0D|13|0D|07|0D|1F|0D|08|0D|14|0D|08|0D|0F|0D|10|0D|09|0D|08|0D|09|0D|09|0D|11|0D|09|0D|08|0D|09|0D|10|0D|10|0D|08|0D|11|0D|0F|0D|08|0D|0E|0D|06|0D|11|0D|07|0D|06|0D|08|0D|0C|0D|16|0D|0B|0D|09|0D|0F|0D|17|0D|0A|0D|08|0D|11|0D|0E|0D|0E|0D|0A|0D|08|0D|0F|0D|09|0D|0F|0D|0D|0D|0C|0D|0B|0D|0A|0D|10|0D|08|0D|0D|0D|0A|0D|0E|0D|0E|0D|0B|0D|0E|0D|0B|0D|16|0D|0D|0D|0D|0D|0E|0D|0C|0D|11|0D|0E|0D|0E|0D|13|0D|08|0D|15|0D|08|0D|14|0D|08|0D|0C|0D|0A|0D|08|0D|1B|0D|0C|0D|0E|0D|0A|0D|08|0D|08|0D|18|0D|1E|0D|13|0D|18|0D|16|0D|18|0D|10|0D|0D|0D|09|0D|0F|0D|17|0D|18|0D|12|0D|14|0D|15|0D|14|0D|10|0D|18|0D|13|0D|18|0D|07|0D|07|0D|0A|0D|14|0D|09|0D|08|0D|09|0D|07|0D|08|0D|0C|0D|0B|0D|07|0D|13|0D|11|0D|08|0D|08|0D|08|0D|08|0D|09|0D|09|0D|08|0D|0C|0D|0B|0D|09|0D|0E|0D|08|0D|09|0D|07|0D|11|0D|08|09|01|01|00|12|3F|3F|3F|3F|3F|3E|3E|3F|3F|3F|3F|3F|3F|3F|3F|3F|3E|3E|70|
本次输出流写了452字节数据.

车辆补发数据..............
应答包如下:
23|23|03|02|4C|57|4C|52|4D|42|4E|47|35|4E|4C|30|39|37|39|39|32|01|00|06|17|04|12|0E|2B|16|0C|
 checkSum= false   报文接收成功
23|23|03|FE|4C|57|4C|52|4D|42|4E|47|35|4E|4C|30|39|37|39|39|32|01|01|AB|17|04|12|0E|2B|16|01|01|03|01|00|00|00|03|B4|C0|14|5D|27|15|62|01|00|E6|78|00|00|02|01|01|02|3E|FF|FF|4E|20|3E|14|5F|27|0A|05|00|06|55|DA|E4|01|C2|78|4E|06|01|1D|0D|1F|01|32|0D|06|01|01|3F|01|06|3E|07|02|00|00|00|00|00|01|00|00|00|00|00|00|08|01|01|14|5D|27|15|00|9C|00|01|9C|0D|0A|0D|10|0D|11|0D|0E|0D|09|0D|0F|0D|0E|0D|11|0D|09|0D|0D|0D|0C|0D|0F|0D|11|0D|15|0D|07|0D|08|0D|14|0D|12|0D|13|0D|08|0D|12|0D|0D|0D|08|0D|0E|0D|0C|0D|0A|0D|13|0D|07|0D|1F|0D|08|0D|14|0D|08|0D|0F|0D|10|0D|09|0D|08|0D|09|0D|09|0D|11|0D|09|0D|08|0D|09|0D|10|0D|10|0D|08|0D|11|0D|0F|0D|08|0D|0E|0D|06|0D|11|0D|07|0D|06|0D|08|0D|0C|0D|16|0D|0B|0D|09|0D|0F|0D|17|0D|0A|0D|08|0D|11|0D|0E|0D|0E|0D|0A|0D|08|0D|0F|0D|09|0D|0F|0D|0D|0D|0C|0D|0B|0D|0A|0D|10|0D|08|0D|0D|0D|0A|0D|0E|0D|0E|0D|0B|0D|0E|0D|0B|0D|16|0D|0D|0D|0D|0D|0E|0D|0C|0D|11|0D|0E|0D|0E|0D|13|0D|08|0D|15|0D|08|0D|14|0D|08|0D|0C|0D|0A|0D|08|0D|1B|0D|0C|0D|0E|0D|0A|0D|08|0D|08|0D|18|0D|1E|0D|13|0D|18|0D|16|0D|18|0D|10|0D|0D|0D|09|0D|0F|0D|17|0D|18|0D|12|0D|14|0D|15|0D|14|0D|10|0D|18|0D|13|0D|18|0D|07|0D|07|0D|0A|0D|14|0D|09|0D|08|0D|09|0D|07|0D|08|0D|0C|0D|0B|0D|07|0D|13|0D|11|0D|08|0D|08|0D|08|0D|08|0D|09|0D|09|0D|08|0D|0C|0D|0B|0D|09|0D|0E|0D|08|0D|09|0D|07|0D|11|0D|08|09|01|01|00|12|3F|3F|3F|3F|3F|3E|3E|3F|3F|3F|3F|3F|3F|3F|3F|3F|3E|3E|70|
本次输出流写了452字节数据.

车辆补发数据..............
应答包如下:
23|23|03|02|4C|57|4C|52|4D|42|4E|47|35|4E|4C|30|39|37|39|39|32|01|00|06|17|04|12|0E|2B|16|0C|
 checkSum= false   报文接收成功
23|23|03|FE|4C|57|4C|52|4D|42|4E|47|35|4E|4C|30|39|37|39|39|32|01|01|AB|17|04|12|0E|2B|16|01|01|03|01|00|00|00|03|B4|C0|14|5D|27|15|62|01|00|E6|78|00|00|02|01|01|02|3E|FF|FF|4E|20|3E|14|5F|27|0A|05|00|06|55|DA|E4|01|C2|78|4E|06|01|1D|0D|1F|01|32|0D|06|01|01|3F|01|06|3E|07|02|00|00|00|00|00|01|00|00|00|00|00|00|08|01|01|14|5D|27|15|00|9C|00|01|9C|0D|0A|0D|10|0D|11|0D|0E|0D|09|0D|0F|0D|0E|0D|11|0D|09|0D|0D|0D|0C|0D|0F|0D|11|0D|15|0D|07|0D|08|0D|14|0D|12|0D|13|0D|08|0D|12|0D|0D|0D|08|0D|0E|0D|0C|0D|0A|0D|13|0D|07|0D|1F|0D|08|0D|14|0D|08|0D|0F|0D|10|0D|09|0D|08|0D|09|0D|09|0D|11|0D|09|0D|08|0D|09|0D|10|0D|10|0D|08|0D|11|0D|0F|0D|08|0D|0E|0D|06|0D|11|0D|07|0D|06|0D|08|0D|0C|0D|16|0D|0B|0D|09|0D|0F|0D|17|0D|0A|0D|08|0D|11|0D|0E|0D|0E|0D|0A|0D|08|0D|0F|0D|09|0D|0F|0D|0D|0D|0C|0D|0B|0D|0A|0D|10|0D|08|0D|0D|0D|0A|0D|0E|0D|0E|0D|0B|0D|0E|0D|0B|0D|16|0D|0D|0D|0D|0D|0E|0D|0C|0D|11|0D|0E|0D|0E|0D|13|0D|08|0D|15|0D|08|0D|14|0D|08|0D|0C|0D|0A|0D|08|0D|1B|0D|0C|0D|0E|0D|0A|0D|08|0D|08|0D|18|0D|1E|0D|13|0D|18|0D|16|0D|18|0D|10|0D|0D|0D|09|0D|0F|0D|17|0D|18|0D|12|0D|14|0D|15|0D|14|0D|10|0D|18|0D|13|0D|18|0D|07|0D|07|0D|0A|0D|14|0D|09|0D|08|0D|09|0D|07|0D|08|0D|0C|0D|0B|0D|07|0D|13|0D|11|0D|08|0D|08|0D|08|0D|08|0D|09|0D|09|0D|08|0D|0C|0D|0B|0D|09|0D|0E|0D|08|0D|09|0D|07|0D|11|0D|08|09|01|01|00|12|3F|3F|3F|3F|3F|3E|3E|3F|3F|3F|3F|3F|3F|3F|3F|3F|3E|3E|70|
本次输出流写了452字节数据.

车辆补发数据..............
应答包如下:
23|23|03|02|4C|57|4C|52|4D|42|4E|47|35|4E|4C|30|39|37|39|39|32|01|00|06|17|04|12|0E|2B|16|0C|
 checkSum= false   报文接收成功
23|23|03|FE|4C|57|4C|52|4D|42|4E|47|35|4E|4C|30|39|37|39|39|32|01|01|AB|17|04|12|0E|2B|16|01|01|03|01|00|00|00|03|B4|C0|14|5D|27|15|62|01|00|E6|78|00|00|02|01|01|02|3E|FF|FF|4E|20|3E|14|5F|27|0A|05|00|06|55|DA|E4|01|C2|78|4E|06|01|1D|0D|1F|01|32|0D|06|01|01|3F|01|06|3E|07|02|00|00|00|00|00|01|00|00|00|00|00|00|08|01|01|14|5D|27|15|00|9C|00|01|9C|0D|0A|0D|10|0D|11|0D|0E|0D|09|0D|0F|0D|0E|0D|11|0D|09|0D|0D|0D|0C|0D|0F|0D|11|0D|15|0D|07|0D|08|0D|14|0D|12|0D|13|0D|08|0D|12|0D|0D|0D|08|0D|0E|0D|0C|0D|0A|0D|13|0D|07|0D|1F|0D|08|0D|14|0D|08|0D|0F|0D|10|0D|09|0D|08|0D|09|0D|09|0D|11|0D|09|0D|08|0D|09|0D|10|0D|10|0D|08|0D|11|0D|0F|0D|08|0D|0E|0D|06|0D|11|0D|07|0D|06|0D|08|0D|0C|0D|16|0D|0B|0D|09|0D|0F|0D|17|0D|0A|0D|08|0D|11|0D|0E|0D|0E|0D|0A|0D|08|0D|0F|0D|09|0D|0F|0D|0D|0D|0C|0D|0B|0D|0A|0D|10|0D|08|0D|0D|0D|0A|0D|0E|0D|0E|0D|0B|0D|0E|0D|0B|0D|16|0D|0D|0D|0D|0D|0E|0D|0C|0D|11|0D|0E|0D|0E|0D|13|0D|08|0D|15|0D|08|0D|14|0D|08|0D|0C|0D|0A|0D|08|0D|1B|0D|0C|0D|0E|0D|0A|0D|08|0D|08|0D|18|0D|1E|0D|13|0D|18|0D|16|0D|18|0D|10|0D|0D|0D|09|0D|0F|0D|17|0D|18|0D|12|0D|14|0D|15|0D|14|0D|10|0D|18|0D|13|0D|18|0D|07|0D|07|0D|0A|0D|14|0D|09|0D|08|0D|09|0D|07|0D|08|0D|0C|0D|0B|0D|07|0D|13|0D|11|0D|08|0D|08|0D|08|0D|08|0D|09|0D|09|0D|08|0D|0C|0D|0B|0D|09|0D|0E|0D|08|0D|09|0D|07|0D|11|0D|08|09|01|01|00|12|3F|3F|3F|3F|3F|3E|3E|3F|3F|3F|3F|3F|3F|3F|3F|3F|3E|3E|70|
本次输出流写了452字节数据.

车辆补发数据..............
应答包如下:
23|23|03|02|4C|57|4C|52|4D|42|4E|47|35|4E|4C|30|39|37|39|39|32|01|00|06|17|04|12|0E|2B|16|0C|
 checkSum= false   报文接收成功
23|23|03|FE|4C|57|4C|52|4D|42|4E|47|35|4E|4C|30|39|37|39|39|32|01|01|AB|17|04|12|0E|2B|16|01|01|03|01|00|00|00|03|B4|C0|14|5D|27|15|62|01|00|E6|78|00|00|02|01|01|02|3E|FF|FF|4E|20|3E|14|5F|27|0A|05|00|06|55|DA|E4|01|C2|78|4E|06|01|1D|0D|1F|01|32|0D|06|01|01|3F|01|06|3E|07|02|00|00|00|00|00|01|00|00|00|00|00|00|08|01|01|14|5D|27|15|00|9C|00|01|9C|0D|0A|0D|10|0D|11|0D|0E|0D|09|0D|0F|0D|0E|0D|11|0D|09|0D|0D|0D|0C|0D|0F|0D|11|0D|15|0D|07|0D|08|0D|14|0D|12|0D|13|0D|08|0D|12|0D|0D|0D|08|0D|0E|0D|0C|0D|0A|0D|13|0D|07|0D|1F|0D|08|0D|14|0D|08|0D|0F|0D|10|0D|09|0D|08|0D|09|0D|09|0D|11|0D|09|0D|08|0D|09|0D|10|0D|10|0D|08|0D|11|0D|0F|0D|08|0D|0E|0D|06|0D|11|0D|07|0D|06|0D|08|0D|0C|0D|16|0D|0B|0D|09|0D|0F|0D|17|0D|0A|0D|08|0D|11|0D|0E|0D|0E|0D|0A|0D|08|0D|0F|0D|09|0D|0F|0D|0D|0D|0C|0D|0B|0D|0A|0D|10|0D|08|0D|0D|0D|0A|0D|0E|0D|0E|0D|0B|0D|0E|0D|0B|0D|16|0D|0D|0D|0D|0D|0E|0D|0C|0D|11|0D|0E|0D|0E|0D|13|0D|08|0D|15|0D|08|0D|14|0D|08|0D|0C|0D|0A|0D|08|0D|1B|0D|0C|0D|0E|0D|0A|0D|08|0D|08|0D|18|0D|1E|0D|13|0D|18|0D|16|0D|18|0D|10|0D|0D|0D|09|0D|0F|0D|17|0D|18|0D|12|0D|14|0D|15|0D|14|0D|10|0D|18|0D|13|0D|18|0D|07|0D|07|0D|0A|0D|14|0D|09|0D|08|0D|09|0D|07|0D|08|0D|0C|0D|0B|0D|07|0D|13|0D|11|0D|08|0D|08|0D|08|0D|08|0D|09|0D|09|0D|08|0D|0C|0D|0B|0D|09|0D|0E|0D|08|0D|09|0D|07|0D|11|0D|08|09|01|01|00|12|3F|3F|3F|3F|3F|3E|3E|3F|3F|3F|3F|3F|3F|3F|3F|3F|3E|3E|70|
本次输出流写了452字节数据.

车辆补发数据..............
应答包如下:
23|23|03|02|4C|57|4C|52|4D|42|4E|47|35|4E|4C|30|39|37|39|39|32|01|00|06|17|04|12|0E|2B|16|0C|
 checkSum= false   报文接收成功
23|23|03|FE|4C|57|4C|52|4D|42|4E|47|35|4E|4C|30|39|37|39|39|32|01|01|AB|17|04|12|0E|2B|16|01|01|03|01|00|00|00|03|B4|C0|14|5D|27|15|62|01|00|E6|78|00|00|02|01|01|02|3E|FF|FF|4E|20|3E|14|5F|27|0A|05|00|06|55|DA|E4|01|C2|78|4E|06|01|1D|0D|1F|01|32|0D|06|01|01|3F|01|06|3E|07|02|00|00|00|00|00|01|00|00|00|00|00|00|08|01|01|14|5D|27|15|00|9C|00|01|9C|0D|0A|0D|10|0D|11|0D|0E|0D|09|0D|0F|0D|0E|0D|11|0D|09|0D|0D|0D|0C|0D|0F|0D|11|0D|15|0D|07|0D|08|0D|14|0D|12|0D|13|0D|08|0D|12|0D|0D|0D|08|0D|0E|0D|0C|0D|0A|0D|13|0D|07|0D|1F|0D|08|0D|14|0D|08|0D|0F|0D|10|0D|09|0D|08|0D|09|0D|09|0D|11|0D|09|0D|08|0D|09|0D|10|0D|10|0D|08|0D|11|0D|0F|0D|08|0D|0E|0D|06|0D|11|0D|07|0D|06|0D|08|0D|0C|0D|16|0D|0B|0D|09|0D|0F|0D|17|0D|0A|0D|08|0D|11|0D|0E|0D|0E|0D|0A|0D|08|0D|0F|0D|09|0D|0F|0D|0D|0D|0C|0D|0B|0D|0A|0D|10|0D|08|0D|0D|0D|0A|0D|0E|0D|0E|0D|0B|0D|0E|0D|0B|0D|16|0D|0D|0D|0D|0D|0E|0D|0C|0D|11|0D|0E|0D|0E|0D|13|0D|08|0D|15|0D|08|0D|14|0D|08|0D|0C|0D|0A|0D|08|0D|1B|0D|0C|0D|0E|0D|0A|0D|08|0D|08|0D|18|0D|1E|0D|13|0D|18|0D|16|0D|18|0D|10|0D|0D|0D|09|0D|0F|0D|17|0D|18|0D|12|0D|14|0D|15|0D|14|0D|10|0D|18|0D|13|0D|18|0D|07|0D|07|0D|0A|0D|14|0D|09|0D|08|0D|09|0D|07|0D|08|0D|0C|0D|0B|0D|07|0D|13|0D|11|0D|08|0D|08|0D|08|0D|08|0D|09|0D|09|0D|08|0D|0C|0D|0B|0D|09|0D|0E|0D|08|0D|09|0D|07|0D|11|0D|08|09|01|01|00|12|3F|3F|3F|3F|3F|3E|3E|3F|3F|3F|3F|3F|3F|3F|3F|3F|3E|3E|70|
本次输出流写了452字节数据.

车辆补发数据..............
应答包如下:
23|23|03|02|4C|57|4C|52|4D|42|4E|47|35|4E|4C|30|39|37|39|39|32|01|00|06|17|04|12|0E|2B|16|0C|
 checkSum= false   报文接收成功
23|23|03|FE|4C|57|4C|52|4D|42|4E|47|35|4E|4C|30|39|37|39|39|32|01|01|AB|17|04|12|0E|2B|16|01|01|03|01|00|00|00|03|B4|C0|14|5D|27|15|62|01|00|E6|78|00|00|02|01|01|02|3E|FF|FF|4E|20|3E|14|5F|27|0A|05|00|06|55|DA|E4|01|C2|78|4E|06|01|1D|0D|1F|01|32|0D|06|01|01|3F|01|06|3E|07|02|00|00|00|00|00|01|00|00|00|00|00|00|08|01|01|14|5D|27|15|00|9C|00|01|9C|0D|0A|0D|10|0D|11|0D|0E|0D|09|0D|0F|0D|0E|0D|11|0D|09|0D|0D|0D|0C|0D|0F|0D|11|0D|15|0D|07|0D|08|0D|14|0D|12|0D|13|0D|08|0D|12|0D|0D|0D|08|0D|0E|0D|0C|0D|0A|0D|13|0D|07|0D|1F|0D|08|0D|14|0D|08|0D|0F|0D|10|0D|09|0D|08|0D|09|0D|09|0D|11|0D|09|0D|08|0D|09|0D|10|0D|10|0D|08|0D|11|0D|0F|0D|08|0D|0E|0D|06|0D|11|0D|07|0D|06|0D|08|0D|0C|0D|16|0D|0B|0D|09|0D|0F|0D|17|0D|0A|0D|08|0D|11|0D|0E|0D|0E|0D|0A|0D|08|0D|0F|0D|09|0D|0F|0D|0D|0D|0C|0D|0B|0D|0A|0D|10|0D|08|0D|0D|0D|0A|0D|0E|0D|0E|0D|0B|0D|0E|0D|0B|0D|16|0D|0D|0D|0D|0D|0E|0D|0C|0D|11|0D|0E|0D|0E|0D|13|0D|08|0D|15|0D|08|0D|14|0D|08|0D|0C|0D|0A|0D|08|0D|1B|0D|0C|0D|0E|0D|0A|0D|08|0D|08|0D|18|0D|1E|0D|13|0D|18|0D|16|0D|18|0D|10|0D|0D|0D|09|0D|0F|0D|17|0D|18|0D|12|0D|14|0D|15|0D|14|0D|10|0D|18|0D|13|0D|18|0D|07|0D|07|0D|0A|0D|14|0D|09|0D|08|0D|09|0D|07|0D|08|0D|0C|0D|0B|0D|07|0D|13|0D|11|0D|08|0D|08|0D|08|0D|08|0D|09|0D|09|0D|08|0D|0C|0D|0B|0D|09|0D|0E|0D|08|0D|09|0D|07|0D|11|0D|08|09|01|01|00|12|3F|3F|3F|3F|3F|3E|3E|3F|3F|3F|3F|3F|3F|3F|3F|3F|3E|3E|70|
本次输出流写了452字节数据.

车辆补发数据..............
应答包如下:
23|23|03|02|4C|57|4C|52|4D|42|4E|47|35|4E|4C|30|39|37|39|39|32|01|00|06|17|04|12|0E|2B|16|0C|
 checkSum= false   报文接收成功
23|23|03|FE|4C|57|4C|52|4D|42|4E|47|35|4E|4C|30|39|37|39|39|32|01|01|AB|17|04|12|0E|2B|16|01|01|03|01|00|00|00|03|B4|C0|14|5D|27|15|62|01|00|E6|78|00|00|02|01|01|02|3E|FF|FF|4E|20|3E|14|5F|27|0A|05|00|06|55|DA|E4|01|C2|78|4E|06|01|1D|0D|1F|01|32|0D|06|01|01|3F|01|06|3E|07|02|00|00|00|00|00|01|00|00|00|00|00|00|08|01|01|14|5D|27|15|00|9C|00|01|9C|0D|0A|0D|10|0D|11|0D|0E|0D|09|0D|0F|0D|0E|0D|11|0D|09|0D|0D|0D|0C|0D|0F|0D|11|0D|15|0D|07|0D|08|0D|14|0D|12|0D|13|0D|08|0D|12|0D|0D|0D|08|0D|0E|0D|0C|0D|0A|0D|13|0D|07|0D|1F|0D|08|0D|14|0D|08|0D|0F|0D|10|0D|09|0D|08|0D|09|0D|09|0D|11|0D|09|0D|08|0D|09|0D|10|0D|10|0D|08|0D|11|0D|0F|0D|08|0D|0E|0D|06|0D|11|0D|07|0D|06|0D|08|0D|0C|0D|16|0D|0B|0D|09|0D|0F|0D|17|0D|0A|0D|08|0D|11|0D|0E|0D|0E|0D|0A|0D|08|0D|0F|0D|09|0D|0F|0D|0D|0D|0C|0D|0B|0D|0A|0D|10|0D|08|0D|0D|0D|0A|0D|0E|0D|0E|0D|0B|0D|0E|0D|0B|0D|16|0D|0D|0D|0D|0D|0E|0D|0C|0D|11|0D|0E|0D|0E|0D|13|0D|08|0D|15|0D|08|0D|14|0D|08|0D|0C|0D|0A|0D|08|0D|1B|0D|0C|0D|0E|0D|0A|0D|08|0D|08|0D|18|0D|1E|0D|13|0D|18|0D|16|0D|18|0D|10|0D|0D|0D|09|0D|0F|0D|17|0D|18|0D|12|0D|14|0D|15|0D|14|0D|10|0D|18|0D|13|0D|18|0D|07|0D|07|0D|0A|0D|14|0D|09|0D|08|0D|09|0D|07|0D|08|0D|0C|0D|0B|0D|07|0D|13|0D|11|0D|08|0D|08|0D|08|0D|08|0D|09|0D|09|0D|08|0D|0C|0D|0B|0D|09|0D|0E|0D|08|0D|09|0D|07|0D|11|0D|08|09|01|01|00|12|3F|3F|3F|3F|3F|3E|3E|3F|3F|3F|3F|3F|3F|3F|3F|3F|3E|3E|70|
本次输出流写了452字节数据.

车辆补发数据..............
应答包如下:
23|23|03|02|4C|57|4C|52|4D|42|4E|47|35|4E|4C|30|39|37|39|39|32|01|00|06|17|04|12|0E|2B|16|0C|
 checkSum= false   报文接收成功
23|23|03|FE|4C|57|4C|52|4D|42|4E|47|35|4E|4C|30|39|37|39|39|32|01|01|AB|17|04|12|0E|2B|16|01|01|03|01|00|00|00|03|B4|C0|14|5D|27|15|62|01|00|E6|78|00|00|02|01|01|02|3E|FF|FF|4E|20|3E|14|5F|27|0A|05|00|06|55|DA|E4|01|C2|78|4E|06|01|1D|0D|1F|01|32|0D|06|01|01|3F|01|06|3E|07|02|00|00|00|00|00|01|00|00|00|00|00|00|08|01|01|14|5D|27|15|00|9C|00|01|9C|0D|0A|0D|10|0D|11|0D|0E|0D|09|0D|0F|0D|0E|0D|11|0D|09|0D|0D|0D|0C|0D|0F|0D|11|0D|15|0D|07|0D|08|0D|14|0D|12|0D|13|0D|08|0D|12|0D|0D|0D|08|0D|0E|0D|0C|0D|0A|0D|13|0D|07|0D|1F|0D|08|0D|14|0D|08|0D|0F|0D|10|0D|09|0D|08|0D|09|0D|09|0D|11|0D|09|0D|08|0D|09|0D|10|0D|10|0D|08|0D|11|0D|0F|0D|08|0D|0E|0D|06|0D|11|0D|07|0D|06|0D|08|0D|0C|0D|16|0D|0B|0D|09|0D|0F|0D|17|0D|0A|0D|08|0D|11|0D|0E|0D|0E|0D|0A|0D|08|0D|0F|0D|09|0D|0F|0D|0D|0D|0C|0D|0B|0D|0A|0D|10|0D|08|0D|0D|0D|0A|0D|0E|0D|0E|0D|0B|0D|0E|0D|0B|0D|16|0D|0D|0D|0D|0D|0E|0D|0C|0D|11|0D|0E|0D|0E|0D|13|0D|08|0D|15|0D|08|0D|14|0D|08|0D|0C|0D|0A|0D|08|0D|1B|0D|0C|0D|0E|0D|0A|0D|08|0D|08|0D|18|0D|1E|0D|13|0D|18|0D|16|0D|18|0D|10|0D|0D|0D|09|0D|0F|0D|17|0D|18|0D|12|0D|14|0D|15|0D|14|0D|10|0D|18|0D|13|0D|18|0D|07|0D|07|0D|0A|0D|14|0D|09|0D|08|0D|09|0D|07|0D|08|0D|0C|0D|0B|0D|07|0D|13|0D|11|0D|08|0D|08|0D|08|0D|08|0D|09|0D|09|0D|08|0D|0C|0D|0B|0D|09|0D|0E|0D|08|0D|09|0D|07|0D|11|0D|08|09|01|01|00|12|3F|3F|3F|3F|3F|3E|3E|3F|3F|3F|3F|3F|3F|3F|3F|3F|3E|3E|70|
本次输出流写了452字节数据.

车辆补发数据..............
应答包如下:
23|23|03|02|4C|57|4C|52|4D|42|4E|47|35|4E|4C|30|39|37|39|39|32|01|00|06|17|04|12|0E|2B|16|0C|
 checkSum= false   报文接收成功
23|23|03|FE|4C|57|4C|52|4D|42|4E|47|35|4E|4C|30|39|37|39|39|32|01|01|AB|17|04|12|0E|2B|16|01|01|03|01|00|00|00|03|B4|C0|14|5D|27|15|62|01|00|E6|78|00|00|02|01|01|02|3E|FF|FF|4E|20|3E|14|5F|27|0A|05|00|06|55|DA|E4|01|C2|78|4E|06|01|1D|0D|1F|01|32|0D|06|01|01|3F|01|06|3E|07|02|00|00|00|00|00|01|00|00|00|00|00|00|08|01|01|14|5D|27|15|00|9C|00|01|9C|0D|0A|0D|10|0D|11|0D|0E|0D|09|0D|0F|0D|0E|0D|11|0D|09|0D|0D|0D|0C|0D|0F|0D|11|0D|15|0D|07|0D|08|0D|14|0D|12|0D|13|0D|08|0D|12|0D|0D|0D|08|0D|0E|0D|0C|0D|0A|0D|13|0D|07|0D|1F|0D|08|0D|14|0D|08|0D|0F|0D|10|0D|09|0D|08|0D|09|0D|09|0D|11|0D|09|0D|08|0D|09|0D|10|0D|10|0D|08|0D|11|0D|0F|0D|08|0D|0E|0D|06|0D|11|0D|07|0D|06|0D|08|0D|0C|0D|16|0D|0B|0D|09|0D|0F|0D|17|0D|0A|0D|08|0D|11|0D|0E|0D|0E|0D|0A|0D|08|0D|0F|0D|09|0D|0F|0D|0D|0D|0C|0D|0B|0D|0A|0D|10|0D|08|0D|0D|0D|0A|0D|0E|0D|0E|0D|0B|0D|0E|0D|0B|0D|16|0D|0D|0D|0D|0D|0E|0D|0C|0D|11|0D|0E|0D|0E|0D|13|0D|08|0D|15|0D|08|0D|14|0D|08|0D|0C|0D|0A|0D|08|0D|1B|0D|0C|0D|0E|0D|0A|0D|08|0D|08|0D|18|0D|1E|0D|13|0D|18|0D|16|0D|18|0D|10|0D|0D|0D|09|0D|0F|0D|17|0D|18|0D|12|0D|14|0D|15|0D|14|0D|10|0D|18|0D|13|0D|18|0D|07|0D|07|0D|0A|0D|14|0D|09|0D|08|0D|09|0D|07|0D|08|0D|0C|0D|0B|0D|07|0D|13|0D|11|0D|08|0D|08|0D|08|0D|08|0D|09|0D|09|0D|08|0D|0C|0D|0B|0D|09|0D|0E|0D|08|0D|09|0D|07|0D|11|0D|08|09|01|01|00|12|3F|3F|3F|3F|3F|3E|3E|3F|3F|3F|3F|3F|3F|3F|3F|3F|3E|3E|70|
本次输出流写了452字节数据.

车辆补发数据..............
应答包如下:
23|23|03|02|4C|57|4C|52|4D|42|4E|47|35|4E|4C|30|39|37|39|39|32|01|00|06|17|04|12|0E|2B|16|0C|
 checkSum= false   报文接收成功
23|23|03|FE|4C|57|4C|52|4D|42|4E|47|35|4E|4C|30|39|37|39|39|32|01|01|AB|17|04|12|0E|2B|16|01|01|03|01|00|00|00|03|B4|C0|14|5D|27|15|62|01|00|E6|78|00|00|02|01|01|02|3E|FF|FF|4E|20|3E|14|5F|27|0A|05|00|06|55|DA|E4|01|C2|78|4E|06|01|1D|0D|1F|01|32|0D|06|01|01|3F|01|06|3E|07|02|00|00|00|00|00|01|00|00|00|00|00|00|08|01|01|14|5D|27|15|00|9C|00|01|9C|0D|0A|0D|10|0D|11|0D|0E|0D|09|0D|0F|0D|0E|0D|11|0D|09|0D|0D|0D|0C|0D|0F|0D|11|0D|15|0D|07|0D|08|0D|14|0D|12|0D|13|0D|08|0D|12|0D|0D|0D|08|0D|0E|0D|0C|0D|0A|0D|13|0D|07|0D|1F|0D|08|0D|14|0D|08|0D|0F|0D|10|0D|09|0D|08|0D|09|0D|09|0D|11|0D|09|0D|08|0D|09|0D|10|0D|10|0D|08|0D|11|0D|0F|0D|08|0D|0E|0D|06|0D|11|0D|07|0D|06|0D|08|0D|0C|0D|16|0D|0B|0D|09|0D|0F|0D|17|0D|0A|0D|08|0D|11|0D|0E|0D|0E|0D|0A|0D|08|0D|0F|0D|09|0D|0F|0D|0D|0D|0C|0D|0B|0D|0A|0D|10|0D|08|0D|0D|0D|0A|0D|0E|0D|0E|0D|0B|0D|0E|0D|0B|0D|16|0D|0D|0D|0D|0D|0E|0D|0C|0D|11|0D|0E|0D|0E|0D|13|0D|08|0D|15|0D|08|0D|14|0D|08|0D|0C|0D|0A|0D|08|0D|1B|0D|0C|0D|0E|0D|0A|0D|08|0D|08|0D|18|0D|1E|0D|13|0D|18|0D|16|0D|18|0D|10|0D|0D|0D|09|0D|0F|0D|17|0D|18|0D|12|0D|14|0D|15|0D|14|0D|10|0D|18|0D|13|0D|18|0D|07|0D|07|0D|0A|0D|14|0D|09|0D|08|0D|09|0D|07|0D|08|0D|0C|0D|0B|0D|07|0D|13|0D|11|0D|08|0D|08|0D|08|0D|08|0D|09|0D|09|0D|08|0D|0C|0D|0B|0D|09|0D|0E|0D|08|0D|09|0D|07|0D|11|0D|08|09|01|01|00|12|3F|3F|3F|3F|3F|3E|3E|3F|3F|3F|3F|3F|3F|3F|3F|3F|3E|3E|70|
本次输出流写了452字节数据.

车辆补发数据..............
应答包如下:
23|23|03|02|4C|57|4C|52|4D|42|4E|47|35|4E|4C|30|39|37|39|39|32|01|00|06|17|04|12|0E|2B|16|0C|
 checkSum= false   报文接收成功
23|23|03|FE|4C|57|4C|52|4D|42|4E|47|35|4E|4C|30|39|37|39|39|32|01|01|AB|17|04|12|0E|2B|16|01|01|03|01|00|00|00|03|B4|C0|14|5D|27|15|62|01|00|E6|78|00|00|02|01|01|02|3E|FF|FF|4E|20|3E|14|5F|27|0A|05|00|06|55|DA|E4|01|C2|78|4E|06|01|1D|0D|1F|01|32|0D|06|01|01|3F|01|06|3E|07|02|00|00|00|00|00|01|00|00|00|00|00|00|08|01|01|14|5D|27|15|00|9C|00|01|9C|0D|0A|0D|10|0D|11|0D|0E|0D|09|0D|0F|0D|0E|0D|11|0D|09|0D|0D|0D|0C|0D|0F|0D|11|0D|15|0D|07|0D|08|0D|14|0D|12|0D|13|0D|08|0D|12|0D|0D|0D|08|0D|0E|0D|0C|0D|0A|0D|13|0D|07|0D|1F|0D|08|0D|14|0D|08|0D|0F|0D|10|0D|09|0D|08|0D|09|0D|09|0D|11|0D|09|0D|08|0D|09|0D|10|0D|10|0D|08|0D|11|0D|0F|0D|08|0D|0E|0D|06|0D|11|0D|07|0D|06|0D|08|0D|0C|0D|16|0D|0B|0D|09|0D|0F|0D|17|0D|0A|0D|08|0D|11|0D|0E|0D|0E|0D|0A|0D|08|0D|0F|0D|09|0D|0F|0D|0D|0D|0C|0D|0B|0D|0A|0D|10|0D|08|0D|0D|0D|0A|0D|0E|0D|0E|0D|0B|0D|0E|0D|0B|0D|16|0D|0D|0D|0D|0D|0E|0D|0C|0D|11|0D|0E|0D|0E|0D|13|0D|08|0D|15|0D|08|0D|14|0D|08|0D|0C|0D|0A|0D|08|0D|1B|0D|0C|0D|0E|0D|0A|0D|08|0D|08|0D|18|0D|1E|0D|13|0D|18|0D|16|0D|18|0D|10|0D|0D|0D|09|0D|0F|0D|17|0D|18|0D|12|0D|14|0D|15|0D|14|0D|10|0D|18|0D|13|0D|18|0D|07|0D|07|0D|0A|0D|14|0D|09|0D|08|0D|09|0D|07|0D|08|0D|0C|0D|0B|0D|07|0D|13|0D|11|0D|08|0D|08|0D|08|0D|08|0D|09|0D|09|0D|08|0D|0C|0D|0B|0D|09|0D|0E|0D|08|0D|09|0D|07|0D|11|0D|08|09|01|01|00|12|3F|3F|3F|3F|3F|3E|3E|3F|3F|3F|3F|3F|3F|3F|3F|3F|3E|3E|70|
本次输出流写了452字节数据.

车辆补发数据..............
应答包如下:
23|23|03|02|4C|57|4C|52|4D|42|4E|47|35|4E|4C|30|39|37|39|39|32|01|00|06|17|04|12|0E|2B|16|0C|
 checkSum= false   报文接收成功
23|23|03|FE|4C|57|4C|52|4D|42|4E|47|35|4E|4C|30|39|37|39|39|32|01|01|AB|17|04|12|0E|2B|16|01|01|03|01|00|00|00|03|B4|C0|14|5D|27|15|62|01|00|E6|78|00|00|02|01|01|02|3E|FF|FF|4E|20|3E|14|5F|27|0A|05|00|06|55|DA|E4|01|C2|78|4E|06|01|1D|0D|1F|01|32|0D|06|01|01|3F|01|06|3E|07|02|00|00|00|00|00|01|00|00|00|00|00|00|08|01|01|14|5D|27|15|00|9C|00|01|9C|0D|0A|0D|10|0D|11|0D|0E|0D|09|0D|0F|0D|0E|0D|11|0D|09|0D|0D|0D|0C|0D|0F|0D|11|0D|15|0D|07|0D|08|0D|14|0D|12|0D|13|0D|08|0D|12|0D|0D|0D|08|0D|0E|0D|0C|0D|0A|0D|13|0D|07|0D|1F|0D|08|0D|14|0D|08|0D|0F|0D|10|0D|09|0D|08|0D|09|0D|09|0D|11|0D|09|0D|08|0D|09|0D|10|0D|10|0D|08|0D|11|0D|0F|0D|08|0D|0E|0D|06|0D|11|0D|07|0D|06|0D|08|0D|0C|0D|16|0D|0B|0D|09|0D|0F|0D|17|0D|0A|0D|08|0D|11|0D|0E|0D|0E|0D|0A|0D|08|0D|0F|0D|09|0D|0F|0D|0D|0D|0C|0D|0B|0D|0A|0D|10|0D|08|0D|0D|0D|0A|0D|0E|0D|0E|0D|0B|0D|0E|0D|0B|0D|16|0D|0D|0D|0D|0D|0E|0D|0C|0D|11|0D|0E|0D|0E|0D|13|0D|08|0D|15|0D|08|0D|14|0D|08|0D|0C|0D|0A|0D|08|0D|1B|0D|0C|0D|0E|0D|0A|0D|08|0D|08|0D|18|0D|1E|0D|13|0D|18|0D|16|0D|18|0D|10|0D|0D|0D|09|0D|0F|0D|17|0D|18|0D|12|0D|14|0D|15|0D|14|0D|10|0D|18|0D|13|0D|18|0D|07|0D|07|0D|0A|0D|14|0D|09|0D|08|0D|09|0D|07|0D|08|0D|0C|0D|0B|0D|07|0D|13|0D|11|0D|08|0D|08|0D|08|0D|08|0D|09|0D|09|0D|08|0D|0C|0D|0B|0D|09|0D|0E|0D|08|0D|09|0D|07|0D|11|0D|08|09|01|01|00|12|3F|3F|3F|3F|3F|3E|3E|3F|3F|3F|3F|3F|3F|3F|3F|3F|3E|3E|70|
本次输出流写了452字节数据.

车辆补发数据..............
应答包如下:
23|23|03|02|4C|57|4C|52|4D|42|4E|47|35|4E|4C|30|39|37|39|39|32|01|00|06|17|04|12|0E|2B|16|0C|
 checkSum= false   报文接收成功
23|23|03|FE|4C|57|4C|52|4D|42|4E|47|35|4E|4C|30|39|37|39|39|32|01|01|AB|17|04|12|0E|2B|16|01|01|03|01|00|00|00|03|B4|C0|14|5D|27|15|62|01|00|E6|78|00|00|02|01|01|02|3E|FF|FF|4E|20|3E|14|5F|27|0A|05|00|06|55|DA|E4|01|C2|78|4E|06|01|1D|0D|1F|01|32|0D|06|01|01|3F|01|06|3E|07|02|00|00|00|00|00|01|00|00|00|00|00|00|08|01|01|14|5D|27|15|00|9C|00|01|9C|0D|0A|0D|10|0D|11|0D|0E|0D|09|0D|0F|0D|0E|0D|11|0D|09|0D|0D|0D|0C|0D|0F|0D|11|0D|15|0D|07|0D|08|0D|14|0D|12|0D|13|0D|08|0D|12|0D|0D|0D|08|0D|0E|0D|0C|0D|0A|0D|13|0D|07|0D|1F|0D|08|0D|14|0D|08|0D|0F|0D|10|0D|09|0D|08|0D|09|0D|09|0D|11|0D|09|0D|08|0D|09|0D|10|0D|10|0D|08|0D|11|0D|0F|0D|08|0D|0E|0D|06|0D|11|0D|07|0D|06|0D|08|0D|0C|0D|16|0D|0B|0D|09|0D|0F|0D|17|0D|0A|0D|08|0D|11|0D|0E|0D|0E|0D|0A|0D|08|0D|0F|0D|09|0D|0F|0D|0D|0D|0C|0D|0B|0D|0A|0D|10|0D|08|0D|0D|0D|0A|0D|0E|0D|0E|0D|0B|0D|0E|0D|0B|0D|16|0D|0D|0D|0D|0D|0E|0D|0C|0D|11|0D|0E|0D|0E|0D|13|0D|08|0D|15|0D|08|0D|14|0D|08|0D|0C|0D|0A|0D|08|0D|1B|0D|0C|0D|0E|0D|0A|0D|08|0D|08|0D|18|0D|1E|0D|13|0D|18|0D|16|0D|18|0D|10|0D|0D|0D|09|0D|0F|0D|17|0D|18|0D|12|0D|14|0D|15|0D|14|0D|10|0D|18|0D|13|0D|18|0D|07|0D|07|0D|0A|0D|14|0D|09|0D|08|0D|09|0D|07|0D|08|0D|0C|0D|0B|0D|07|0D|13|0D|11|0D|08|0D|08|0D|08|0D|08|0D|09|0D|09|0D|08|0D|0C|0D|0B|0D|09|0D|0E|0D|08|0D|09|0D|07|0D|11|0D|08|09|01|01|00|12|3F|3F|3F|3F|3F|3E|3E|3F|3F|3F|3F|3F|3F|3F|3F|3F|3E|3E|70|
本次输出流写了452字节数据.

车辆补发数据..............
应答包如下:
23|23|03|02|4C|57|4C|52|4D|42|4E|47|35|4E|4C|30|39|37|39|39|32|01|00|06|17|04|12|0E|2B|16|0C|
 checkSum= false   报文接收成功
23|23|03|FE|4C|57|4C|52|4D|42|4E|47|35|4E|4C|30|39|37|39|39|32|01|01|AB|17|04|12|0E|2B|16|01|01|03|01|00|00|00|03|B4|C0|14|5D|27|15|62|01|00|E6|78|00|00|02|01|01|02|3E|FF|FF|4E|20|3E|14|5F|27|0A|05|00|06|55|DA|E4|01|C2|78|4E|06|01|1D|0D|1F|01|32|0D|06|01|01|3F|01|06|3E|07|02|00|00|00|00|00|01|00|00|00|00|00|00|08|01|01|14|5D|27|15|00|9C|00|01|9C|0D|0A|0D|10|0D|11|0D|0E|0D|09|0D|0F|0D|0E|0D|11|0D|09|0D|0D|0D|0C|0D|0F|0D|11|0D|15|0D|07|0D|08|0D|14|0D|12|0D|13|0D|08|0D|12|0D|0D|0D|08|0D|0E|0D|0C|0D|0A|0D|13|0D|07|0D|1F|0D|08|0D|14|0D|08|0D|0F|0D|10|0D|09|0D|08|0D|09|0D|09|0D|11|0D|09|0D|08|0D|09|0D|10|0D|10|0D|08|0D|11|0D|0F|0D|08|0D|0E|0D|06|0D|11|0D|07|0D|06|0D|08|0D|0C|0D|16|0D|0B|0D|09|0D|0F|0D|17|0D|0A|0D|08|0D|11|0D|0E|0D|0E|0D|0A|0D|08|0D|0F|0D|09|0D|0F|0D|0D|0D|0C|0D|0B|0D|0A|0D|10|0D|08|0D|0D|0D|0A|0D|0E|0D|0E|0D|0B|0D|0E|0D|0B|0D|16|0D|0D|0D|0D|0D|0E|0D|0C|0D|11|0D|0E|0D|0E|0D|13|0D|08|0D|15|0D|08|0D|14|0D|08|0D|0C|0D|0A|0D|08|0D|1B|0D|0C|0D|0E|0D|0A|0D|08|0D|08|0D|18|0D|1E|0D|13|0D|18|0D|16|0D|18|0D|10|0D|0D|0D|09|0D|0F|0D|17|0D|18|0D|12|0D|14|0D|15|0D|14|0D|10|0D|18|0D|13|0D|18|0D|07|0D|07|0D|0A|0D|14|0D|09|0D|08|0D|09|0D|07|0D|08|0D|0C|0D|0B|0D|07|0D|13|0D|11|0D|08|0D|08|0D|08|0D|08|0D|09|0D|09|0D|08|0D|0C|0D|0B|0D|09|0D|0E|0D|08|0D|09|0D|07|0D|11|0D|08|09|01|01|00|12|3F|3F|3F|3F|3F|3E|3E|3F|3F|3F|3F|3F|3F|3F|3F|3F|3E|3E|70|
本次输出流写了452字节数据.

连接断开
Connection from 127.0.0.1
车辆补发数据..............
应答包如下:
23|23|03|02|4C|57|4C|52|4D|42|4E|47|35|4E|4C|30|39|37|39|39|32|01|00|06|17|04|12|0E|2B|16|0C|
 checkSum= false   报文接收成功
23|23|03|FE|4C|57|4C|52|4D|42|4E|47|35|4E|4C|30|39|37|39|39|32|01|01|AB|17|04|12|0E|2B|16|01|01|03|01|00|00|00|03|B4|C0|14|5D|27|15|62|01|00|E6|78|00|00|02|01|01|02|3E|FF|FF|4E|20|3E|14|5F|27|0A|05|00|06|55|DA|E4|01|C2|78|4E|06|01|1D|0D|1F|01|32|0D|06|01|01|3F|01|06|3E|07|02|00|00|00|00|00|01|00|00|00|00|00|00|08|01|01|14|5D|27|15|00|9C|00|01|9C|0D|0A|0D|10|0D|11|0D|0E|0D|09|0D|0F|0D|0E|0D|11|0D|09|0D|0D|0D|0C|0D|0F|0D|11|0D|15|0D|07|0D|08|0D|14|0D|12|0D|13|0D|08|0D|12|0D|0D|0D|08|0D|0E|0D|0C|0D|0A|0D|13|0D|07|0D|1F|0D|08|0D|14|0D|08|0D|0F|0D|10|0D|09|0D|08|0D|09|0D|09|0D|11|0D|09|0D|08|0D|09|0D|10|0D|10|0D|08|0D|11|0D|0F|0D|08|0D|0E|0D|06|0D|11|0D|07|0D|06|0D|08|0D|0C|0D|16|0D|0B|0D|09|0D|0F|0D|17|0D|0A|0D|08|0D|11|0D|0E|0D|0E|0D|0A|0D|08|0D|0F|0D|09|0D|0F|0D|0D|0D|0C|0D|0B|0D|0A|0D|10|0D|08|0D|0D|0D|0A|0D|0E|0D|0E|0D|0B|0D|0E|0D|0B|0D|16|0D|0D|0D|0D|0D|0E|0D|0C|0D|11|0D|0E|0D|0E|0D|13|0D|08|0D|15|0D|08|0D|14|0D|08|0D|0C|0D|0A|0D|08|0D|1B|0D|0C|0D|0E|0D|0A|0D|08|0D|08|0D|18|0D|1E|0D|13|0D|18|0D|16|0D|18|0D|10|0D|0D|0D|09|0D|0F|0D|17|0D|18|0D|12|0D|14|0D|15|0D|14|0D|10|0D|18|0D|13|0D|18|0D|07|0D|07|0D|0A|0D|14|0D|09|0D|08|0D|09|0D|07|0D|08|0D|0C|0D|0B|0D|07|0D|13|0D|11|0D|08|0D|08|0D|08|0D|08|0D|09|0D|09|0D|08|0D|0C|0D|0B|0D|09|0D|0E|0D|08|0D|09|0D|07|0D|11|0D|08|09|01|01|00|12|3F|3F|3F|3F|3F|3E|3E|3F|3F|3F|3F|3F|3F|3F|3F|3F|3E|3E|70|
本次输出流写了452字节数据.

车辆请求登入.............
应答包如下:
23|23|01|01|4C|57|4C|52|4D|42|4E|47|35|4E|4C|30|39|37|39|39|32|01|00|06|17|04|11|0E|38|1D|16|
 checkSum= true   报文接收成功
23|23|01|FE|4C|57|4C|52|4D|42|4E|47|35|4E|4C|30|39|37|39|39|32|01|00|1E|17|04|11|0E|38|1D|00|08|38|39|38|36|30|34|37|30|31|39|32|32|34|30|30|30|37|35|37|31|01|00|FC|
本次输出流写了55字节数据.

车辆请求登入.............
应答包如下:
23|23|01|01|4C|57|4C|52|4D|42|4E|47|35|4E|4C|30|39|37|39|39|32|01|00|06|17|04|11|0E|38|1D|16|
 checkSum= true   报文接收成功
23|23|01|FE|4C|57|4C|52|4D|42|4E|47|35|4E|4C|30|39|37|39|39|32|01|00|1E|17|04|11|0E|38|1D|00|08|38|39|38|36|30|34|37|30|31|39|32|32|34|30|30|30|37|35|37|31|01|00|FC|
本次输出流写了55字节数据.

车辆请求登入.............
应答包如下:
23|23|01|01|4C|57|4C|52|4D|42|4E|47|35|4E|4C|30|39|37|39|39|32|01|00|06|17|04|11|0E|38|1D|16|
 checkSum= true   报文接收成功
23|23|01|FE|4C|57|4C|52|4D|42|4E|47|35|4E|4C|30|39|37|39|39|32|01|00|1E|17|04|11|0E|38|1D|00|08|38|39|38|36|30|34|37|30|31|39|32|32|34|30|30|30|37|35|37|31|01|00|FC|
本次输出流写了55字节数据.

车辆请求登入.............
应答包如下:
23|23|01|01|4C|57|4C|52|4D|42|4E|47|35|4E|4C|30|39|37|39|39|32|01|00|06|17|04|11|0E|38|1D|16|
 checkSum= true   报文接收成功
23|23|01|FE|4C|57|4C|52|4D|42|4E|47|35|4E|4C|30|39|37|39|39|32|01|00|1E|17|04|11|0E|38|1D|00|08|38|39|38|36|30|34|37|30|31|39|32|32|34|30|30|30|37|35|37|31|01|00|FC|
本次输出流写了55字节数据.

车辆请求登入.............
应答包如下:
23|23|01|01|4C|57|4C|52|4D|42|4E|47|35|4E|4C|30|39|37|39|39|32|01|00|06|17|04|11|0E|38|1D|16|
 checkSum= true   报文接收成功
23|23|01|FE|4C|57|4C|52|4D|42|4E|47|35|4E|4C|30|39|37|39|39|32|01|00|1E|17|04|11|0E|38|1D|00|08|38|39|38|36|30|34|37|30|31|39|32|32|34|30|30|30|37|35|37|31|01|00|FC|
本次输出流写了55字节数据.

车辆请求登入.............
应答包如下:
23|23|01|01|4C|57|4C|52|4D|42|4E|47|35|4E|4C|30|39|37|39|39|32|01|00|06|17|04|11|0E|38|1D|16|
 checkSum= true   报文接收成功
23|23|01|FE|4C|57|4C|52|4D|42|4E|47|35|4E|4C|30|39|37|39|39|32|01|00|1E|17|04|11|0E|38|1D|00|08|38|39|38|36|30|34|37|30|31|39|32|32|34|30|30|30|37|35|37|31|01|00|FC|
本次输出流写了55字节数据.

车辆请求登入.............
应答包如下:
23|23|01|01|4C|57|4C|52|4D|42|4E|47|35|4E|4C|30|39|37|39|39|32|01|00|06|17|04|11|0E|38|1D|16|
 checkSum= true   报文接收成功
23|23|01|FE|4C|57|4C|52|4D|42|4E|47|35|4E|4C|30|39|37|39|39|32|01|00|1E|17|04|11|0E|38|1D|00|08|38|39|38|36|30|34|37|30|31|39|32|32|34|30|30|30|37|35|37|31|01|00|FC|
本次输出流写了55字节数据.

车辆请求登入.............
应答包如下:
23|23|01|01|4C|57|4C|52|4D|42|4E|47|35|4E|4C|30|39|37|39|39|32|01|00|06|17|04|11|0E|38|1D|16|
 checkSum= true   报文接收成功
23|23|01|FE|4C|57|4C|52|4D|42|4E|47|35|4E|4C|30|39|37|39|39|32|01|00|1E|17|04|11|0E|38|1D|00|08|38|39|38|36|30|34|37|30|31|39|32|32|34|30|30|30|37|35|37|31|01|00|FC|
本次输出流写了55字节数据.

车辆请求登入.............
应答包如下:
23|23|01|01|4C|57|4C|52|4D|42|4E|47|35|4E|4C|30|39|37|39|39|32|01|00|06|17|04|11|0E|38|1D|16|
 checkSum= true   报文接收成功
23|23|01|FE|4C|57|4C|52|4D|42|4E|47|35|4E|4C|30|39|37|39|39|32|01|00|1E|17|04|11|0E|38|1D|00|08|38|39|38|36|30|34|37|30|31|39|32|32|34|30|30|30|37|35|37|31|01|00|FC|
本次输出流写了55字节数据.

车辆请求登入.............
应答包如下:
23|23|01|01|4C|57|4C|52|4D|42|4E|47|35|4E|4C|30|39|37|39|39|32|01|00|06|17|04|11|0E|38|1D|16|
 checkSum= true   报文接收成功
23|23|01|FE|4C|57|4C|52|4D|42|4E|47|35|4E|4C|30|39|37|39|39|32|01|00|1E|17|04|11|0E|38|1D|00|08|38|39|38|36|30|34|37|30|31|39|32|32|34|30|30|30|37|35|37|31|01|00|FC|
本次输出流写了55字节数据.

车辆请求登入.............
应答包如下:
23|23|01|01|4C|57|4C|52|4D|42|4E|47|35|4E|4C|30|39|37|39|39|32|01|00|06|17|04|11|0E|38|1D|16|
 checkSum= true   报文接收成功
23|23|01|FE|4C|57|4C|52|4D|42|4E|47|35|4E|4C|30|39|37|39|39|32|01|00|1E|17|04|11|0E|38|1D|00|08|38|39|38|36|30|34|37|30|31|39|32|32|34|30|30|30|37|35|37|31|01|00|FC|
本次输出流写了55字节数据.

车辆请求登入.............
应答包如下:
23|23|01|01|4C|57|4C|52|4D|42|4E|47|35|4E|4C|30|39|37|39|39|32|01|00|06|17|04|11|0E|38|1D|16|
 checkSum= true   报文接收成功
23|23|01|FE|4C|57|4C|52|4D|42|4E|47|35|4E|4C|30|39|37|39|39|32|01|00|1E|17|04|11|0E|38|1D|00|08|38|39|38|36|30|34|37|30|31|39|32|32|34|30|30|30|37|35|37|31|01|00|FC|
本次输出流写了55字节数据.

车辆请求登入.............
应答包如下:
23|23|01|01|4C|57|4C|52|4D|42|4E|47|35|4E|4C|30|39|37|39|39|32|01|00|06|17|04|11|0E|38|1D|16|
 checkSum= true   报文接收成功
23|23|01|FE|4C|57|4C|52|4D|42|4E|47|35|4E|4C|30|39|37|39|39|32|01|00|1E|17|04|11|0E|38|1D|00|08|38|39|38|36|30|34|37|30|31|39|32|32|34|30|30|30|37|35|37|31|01|00|FC|
本次输出流写了55字节数据.

车辆请求登入.............
应答包如下:
23|23|01|01|4C|57|4C|52|4D|42|4E|47|35|4E|4C|30|39|37|39|39|32|01|00|06|17|04|11|0E|38|1D|16|
 checkSum= true   报文接收成功
23|23|01|FE|4C|57|4C|52|4D|42|4E|47|35|4E|4C|30|39|37|39|39|32|01|00|1E|17|04|11|0E|38|1D|00|08|38|39|38|36|30|34|37|30|31|39|32|32|34|30|30|30|37|35|37|31|01|00|FC|
本次输出流写了55字节数据.

车辆请求登入.............
应答包如下:
23|23|01|01|4C|57|4C|52|4D|42|4E|47|35|4E|4C|30|39|37|39|39|32|01|00|06|17|04|11|0E|38|1D|16|
 checkSum= true   报文接收成功
23|23|01|FE|4C|57|4C|52|4D|42|4E|47|35|4E|4C|30|39|37|39|39|32|01|00|1E|17|04|11|0E|38|1D|00|08|38|39|38|36|30|34|37|30|31|39|32|32|34|30|30|30|37|35|37|31|01|00|FC|
本次输出流写了55字节数据.

车辆请求登出.............
应答包如下:
23|23|04|01|4C|57|4C|52|4D|42|4E|47|35|4E|4C|30|39|37|39|39|32|01|00|06|17|04|12|0E|30|02|07|
 checkSum= true   报文接收成功
23|23|04|FE|4C|57|4C|52|4D|42|4E|47|35|4E|4C|30|39|37|39|39|32|01|00|08|17|04|12|0E|30|02|00|01|F7|
本次输出流写了33字节数据.

车辆请求登出.............
应答包如下:
23|23|04|01|4C|57|4C|52|4D|42|4E|47|35|4E|4C|30|39|37|39|39|32|01|00|06|17|04|12|0E|30|02|07|
 checkSum= true   报文接收成功
23|23|04|FE|4C|57|4C|52|4D|42|4E|47|35|4E|4C|30|39|37|39|39|32|01|00|08|17|04|12|0E|30|02|00|01|F7|
本次输出流写了33字节数据.

车辆请求登出.............
应答包如下:
23|23|04|01|4C|57|4C|52|4D|42|4E|47|35|4E|4C|30|39|37|39|39|32|01|00|06|17|04|12|0E|30|02|07|
 checkSum= true   报文接收成功
23|23|04|FE|4C|57|4C|52|4D|42|4E|47|35|4E|4C|30|39|37|39|39|32|01|00|08|17|04|12|0E|30|02|00|01|F7|
本次输出流写了33字节数据.

车辆请求登出.............
应答包如下:
23|23|04|01|4C|57|4C|52|4D|42|4E|47|35|4E|4C|30|39|37|39|39|32|01|00|06|17|04|12|0E|30|02|07|
 checkSum= true   报文接收成功
23|23|04|FE|4C|57|4C|52|4D|42|4E|47|35|4E|4C|30|39|37|39|39|32|01|00|08|17|04|12|0E|30|02|00|01|F7|
本次输出流写了33字节数据.

车辆请求登出.............
应答包如下:
23|23|04|01|4C|57|4C|52|4D|42|4E|47|35|4E|4C|30|39|37|39|39|32|01|00|06|17|04|12|0E|30|02|07|
 checkSum= true   报文接收成功
23|23|04|FE|4C|57|4C|52|4D|42|4E|47|35|4E|4C|30|39|37|39|39|32|01|00|08|17|04|12|0E|30|02|00|01|F7|
本次输出流写了33字节数据.

车辆请求登出.............
应答包如下:
23|23|04|01|4C|57|4C|52|4D|42|4E|47|35|4E|4C|30|39|37|39|39|32|01|00|06|17|04|12|0E|30|02|07|
 checkSum= true   报文接收成功
23|23|04|FE|4C|57|4C|52|4D|42|4E|47|35|4E|4C|30|39|37|39|39|32|01|00|08|17|04|12|0E|30|02|00|01|F7|
本次输出流写了33字节数据.

车辆请求登出.............
应答包如下:
23|23|04|01|4C|57|4C|52|4D|42|4E|47|35|4E|4C|30|39|37|39|39|32|01|00|06|17|04|12|0E|30|02|07|
 checkSum= true   报文接收成功
23|23|04|FE|4C|57|4C|52|4D|42|4E|47|35|4E|4C|30|39|37|39|39|32|01|00|08|17|04|12|0E|30|02|00|01|F7|
本次输出流写了33字节数据.

车辆请求登出.............
应答包如下:
23|23|04|01|4C|57|4C|52|4D|42|4E|47|35|4E|4C|30|39|37|39|39|32|01|00|06|17|04|12|0E|30|02|07|
 checkSum= true   报文接收成功
23|23|04|FE|4C|57|4C|52|4D|42|4E|47|35|4E|4C|30|39|37|39|39|32|01|00|08|17|04|12|0E|30|02|00|01|F7|
本次输出流写了33字节数据.

车辆请求登出.............
应答包如下:
23|23|04|01|4C|57|4C|52|4D|42|4E|47|35|4E|4C|30|39|37|39|39|32|01|00|06|17|04|12|0E|30|02|07|
 checkSum= true   报文接收成功
23|23|04|FE|4C|57|4C|52|4D|42|4E|47|35|4E|4C|30|39|37|39|39|32|01|00|08|17|04|12|0E|30|02|00|01|F7|
本次输出流写了33字节数据.

车辆请求登出.............
应答包如下:
23|23|04|01|4C|57|4C|52|4D|42|4E|47|35|4E|4C|30|39|37|39|39|32|01|00|06|17|04|12|0E|30|02|07|
 checkSum= true   报文接收成功
23|23|04|FE|4C|57|4C|52|4D|42|4E|47|35|4E|4C|30|39|37|39|39|32|01|00|08|17|04|12|0E|30|02|00|01|F7|
本次输出流写了33字节数据.

车辆请求登出.............
应答包如下:
23|23|04|01|4C|57|4C|52|4D|42|4E|47|35|4E|4C|30|39|37|39|39|32|01|00|06|17|04|12|0E|30|02|07|
 checkSum= true   报文接收成功
23|23|04|FE|4C|57|4C|52|4D|42|4E|47|35|4E|4C|30|39|37|39|39|32|01|00|08|17|04|12|0E|30|02|00|01|F7|
本次输出流写了33字节数据.

车辆请求登出.............
应答包如下:
23|23|04|01|4C|57|4C|52|4D|42|4E|47|35|4E|4C|30|39|37|39|39|32|01|00|06|17|04|12|0E|30|02|07|
 checkSum= true   报文接收成功
23|23|04|FE|4C|57|4C|52|4D|42|4E|47|35|4E|4C|30|39|37|39|39|32|01|00|08|17|04|12|0E|30|02|00|01|F7|
本次输出流写了33字节数据.

车辆请求登出.............
应答包如下:
23|23|04|01|4C|57|4C|52|4D|42|4E|47|35|4E|4C|30|39|37|39|39|32|01|00|06|17|04|12|0E|30|02|07|
 checkSum= true   报文接收成功
23|23|04|FE|4C|57|4C|52|4D|42|4E|47|35|4E|4C|30|39|37|39|39|32|01|00|08|17|04|12|0E|30|02|00|01|F7|
本次输出流写了33字节数据.

车辆请求登出.............
应答包如下:
23|23|04|01|4C|57|4C|52|4D|42|4E|47|35|4E|4C|30|39|37|39|39|32|01|00|06|17|04|12|0E|30|02|07|
 checkSum= true   报文接收成功
23|23|04|FE|4C|57|4C|52|4D|42|4E|47|35|4E|4C|30|39|37|39|39|32|01|00|08|17|04|12|0E|30|02|00|01|F7|
本次输出流写了33字节数据.

车辆请求登出.............
应答包如下:
23|23|04|01|4C|57|4C|52|4D|42|4E|47|35|4E|4C|30|39|37|39|39|32|01|00|06|17|04|12|0E|30|02|07|
 checkSum= true   报文接收成功
23|23|04|FE|4C|57|4C|52|4D|42|4E|47|35|4E|4C|30|39|37|39|39|32|01|00|08|17|04|12|0E|30|02|00|01|F7|
本次输出流写了33字节数据.

车辆请求登出.............
应答包如下:
23|23|04|01|4C|57|4C|52|4D|42|4E|47|35|4E|4C|30|39|37|39|39|32|01|00|06|17|04|12|0E|30|02|07|
 checkSum= true   报文接收成功
23|23|04|FE|4C|57|4C|52|4D|42|4E|47|35|4E|4C|30|39|37|39|39|32|01|00|08|17|04|12|0E|30|02|00|01|F7|
本次输出流写了33字节数据.

车辆请求登出.............
应答包如下:
23|23|04|01|4C|57|4C|52|4D|42|4E|47|35|4E|4C|30|39|37|39|39|32|01|00|06|17|04|12|0E|30|02|07|
 checkSum= true   报文接收成功
23|23|04|FE|4C|57|4C|52|4D|42|4E|47|35|4E|4C|30|39|37|39|39|32|01|00|08|17|04|12|0E|30|02|00|01|F7|
本次输出流写了33字节数据.

车辆请求登出.............
应答包如下:
23|23|04|01|4C|57|4C|52|4D|42|4E|47|35|4E|4C|30|39|37|39|39|32|01|00|06|17|04|12|0E|30|02|07|
 checkSum= true   报文接收成功
23|23|04|FE|4C|57|4C|52|4D|42|4E|47|35|4E|4C|30|39|37|39|39|32|01|00|08|17|04|12|0E|30|02|00|01|F7|
本次输出流写了33字节数据.

车辆请求登出.............
应答包如下:
23|23|04|01|4C|57|4C|52|4D|42|4E|47|35|4E|4C|30|39|37|39|39|32|01|00|06|17|04|12|0E|30|02|07|
 checkSum= true   报文接收成功
23|23|04|FE|4C|57|4C|52|4D|42|4E|47|35|4E|4C|30|39|37|39|39|32|01|00|08|17|04|12|0E|30|02|00|01|F7|
本次输出流写了33字节数据.

车辆请求登出.............
应答包如下:
23|23|04|01|4C|57|4C|52|4D|42|4E|47|35|4E|4C|30|39|37|39|39|32|01|00|06|17|04|12|0E|30|02|07|
 checkSum= true   报文接收成功
23|23|04|FE|4C|57|4C|52|4D|42|4E|47|35|4E|4C|30|39|37|39|39|32|01|00|08|17|04|12|0E|30|02|00|01|F7|
本次输出流写了33字节数据.

车辆请求登出.............
应答包如下:
23|23|04|01|4C|57|4C|52|4D|42|4E|47|35|4E|4C|30|39|37|39|39|32|01|00|06|17|04|12|0E|30|02|07|
 checkSum= true   报文接收成功
23|23|04|FE|4C|57|4C|52|4D|42|4E|47|35|4E|4C|30|39|37|39|39|32|01|00|08|17|04|12|0E|30|02|00|01|F7|
本次输出流写了33字节数据.

车辆请求登出.............
应答包如下:
23|23|04|01|4C|57|4C|52|4D|42|4E|47|35|4E|4C|30|39|37|39|39|32|01|00|06|17|04|12|0E|30|02|07|
 checkSum= true   报文接收成功
23|23|04|FE|4C|57|4C|52|4D|42|4E|47|35|4E|4C|30|39|37|39|39|32|01|00|08|17|04|12|0E|30|02|00|01|F7|
本次输出流写了33字节数据.

车辆请求登出.............
应答包如下:
23|23|04|01|4C|57|4C|52|4D|42|4E|47|35|4E|4C|30|39|37|39|39|32|01|00|06|17|04|12|0E|30|02|07|
 checkSum= true   报文接收成功
23|23|04|FE|4C|57|4C|52|4D|42|4E|47|35|4E|4C|30|39|37|39|39|32|01|00|08|17|04|12|0E|30|02|00|01|F7|
本次输出流写了33字节数据.

车辆请求登出.............
应答包如下:
23|23|04|01|4C|57|4C|52|4D|42|4E|47|35|4E|4C|30|39|37|39|39|32|01|00|06|17|04|12|0E|30|02|07|
 checkSum= true   报文接收成功
23|23|04|FE|4C|57|4C|52|4D|42|4E|47|35|4E|4C|30|39|37|39|39|32|01|00|08|17|04|12|0E|30|02|00|01|F7|
本次输出流写了33字节数据.

车辆请求登出.............
应答包如下:
23|23|04|01|4C|57|4C|52|4D|42|4E|47|35|4E|4C|30|39|37|39|39|32|01|00|06|17|04|12|0E|30|02|07|
 checkSum= true   报文接收成功
23|23|04|FE|4C|57|4C|52|4D|42|4E|47|35|4E|4C|30|39|37|39|39|32|01|00|08|17|04|12|0E|30|02|00|01|F7|
本次输出流写了33字节数据.

车辆请求登出.............
应答包如下:
23|23|04|01|4C|57|4C|52|4D|42|4E|47|35|4E|4C|30|39|37|39|39|32|01|00|06|17|04|12|0E|30|02|07|
 checkSum= true   报文接收成功
23|23|04|FE|4C|57|4C|52|4D|42|4E|47|35|4E|4C|30|39|37|39|39|32|01|00|08|17|04|12|0E|30|02|00|01|F7|
本次输出流写了33字节数据.

连接断开
2023-04-26 16:52:00
等待客户端连接，监听端口号2000......
Connection from 127.0.0.1
车辆补发数据..............
 checkSum= true   报文接收成功
23|23|03|FE|4C|57|4C|52|4D|42|4E|47|35|4E|4C|30|39|37|39|39|32|01|01|AB|17|04|12|0E|2B|19|01|01|03|01|00|00|00|03|B4|C0|14|5D|27|15|62|01|00|D6|D8|00|00|02|01|01|02|3E|4E|20|4E|20|3E|14|5E|27|0A|05|00|06|55|DA|E4|01|C2|78|4E|06|01|1D|0D|1F|01|32|0D|06|01|01|3F|01|06|3E|07|02|00|00|00|00|00|01|00|00|00|00|00|00|08|01|01|14|5C|27|15|00|9C|00|01|9C|0D|0A|0D|10|0D|11|0D|0E|0D|09|0D|0F|0D|0E|0D|11|0D|09|0D|0D|0D|0C|0D|0F|0D|11|0D|15|0D|07|0D|08|0D|14|0D|12|0D|13|0D|08|0D|12|0D|0E|0D|08|0D|0E|0D|0C|0D|0A|0D|13|0D|07|0D|1F|0D|08|0D|14|0D|08|0D|0F|0D|10|0D|09|0D|08|0D|09|0D|09|0D|11|0D|09|0D|08|0D|09|0D|10|0D|10|0D|08|0D|11|0D|0F|0D|08|0D|0F|0D|06|0D|11|0D|07|0D|06|0D|08|0D|0C|0D|16|0D|0B|0D|09|0D|0F|0D|17|0D|0A|0D|08|0D|11|0D|0E|0D|0E|0D|0A|0D|08|0D|0F|0D|09|0D|0F|0D|0D|0D|0C|0D|0B|0D|0A|0D|10|0D|08|0D|0D|0D|0A|0D|0E|0D|0E|0D|0B|0D|0E|0D|0B|0D|16|0D|0D|0D|0D|0D|0E|0D|0C|0D|11|0D|0E|0D|0E|0D|13|0D|08|0D|15|0D|08|0D|14|0D|08|0D|0C|0D|0A|0D|08|0D|1B|0D|0C|0D|0E|0D|0A|0D|08|0D|08|0D|18|0D|1E|0D|13|0D|18|0D|16|0D|18|0D|10|0D|0D|0D|09|0D|0F|0D|17|0D|18|0D|12|0D|14|0D|15|0D|14|0D|10|0D|18|0D|13|0D|18|0D|07|0D|07|0D|0A|0D|13|0D|09|0D|08|0D|09|0D|07|0D|08|0D|0C|0D|0B|0D|08|0D|13|0D|11|0D|08|0D|08|0D|08|0D|08|0D|09|0D|09|0D|08|0D|0C|0D|0B|0D|09|0D|0E|0D|08|0D|09|0D|07|0D|11|0D|07|09|01|01|00|12|3F|3F|3F|3F|3F|3E|3E|3F|3F|3F|3F|3F|3F|3F|3F|3F|3E|3E|85|
本次输出流写了452字节数据.

车辆补发数据..............
 checkSum= true   报文接收成功
23|23|03|FE|4C|57|4C|52|4D|42|4E|47|35|4E|4C|30|39|37|39|39|32|01|01|AB|17|04|12|0E|2B|19|01|01|03|01|00|00|00|03|B4|C0|14|5D|27|15|62|01|00|D6|D8|00|00|02|01|01|02|3E|4E|20|4E|20|3E|14|5E|27|0A|05|00|06|55|DA|E4|01|C2|78|4E|06|01|1D|0D|1F|01|32|0D|06|01|01|3F|01|06|3E|07|02|00|00|00|00|00|01|00|00|00|00|00|00|08|01|01|14|5C|27|15|00|9C|00|01|9C|0D|0A|0D|10|0D|11|0D|0E|0D|09|0D|0F|0D|0E|0D|11|0D|09|0D|0D|0D|0C|0D|0F|0D|11|0D|15|0D|07|0D|08|0D|14|0D|12|0D|13|0D|08|0D|12|0D|0E|0D|08|0D|0E|0D|0C|0D|0A|0D|13|0D|07|0D|1F|0D|08|0D|14|0D|08|0D|0F|0D|10|0D|09|0D|08|0D|09|0D|09|0D|11|0D|09|0D|08|0D|09|0D|10|0D|10|0D|08|0D|11|0D|0F|0D|08|0D|0F|0D|06|0D|11|0D|07|0D|06|0D|08|0D|0C|0D|16|0D|0B|0D|09|0D|0F|0D|17|0D|0A|0D|08|0D|11|0D|0E|0D|0E|0D|0A|0D|08|0D|0F|0D|09|0D|0F|0D|0D|0D|0C|0D|0B|0D|0A|0D|10|0D|08|0D|0D|0D|0A|0D|0E|0D|0E|0D|0B|0D|0E|0D|0B|0D|16|0D|0D|0D|0D|0D|0E|0D|0C|0D|11|0D|0E|0D|0E|0D|13|0D|08|0D|15|0D|08|0D|14|0D|08|0D|0C|0D|0A|0D|08|0D|1B|0D|0C|0D|0E|0D|0A|0D|08|0D|08|0D|18|0D|1E|0D|13|0D|18|0D|16|0D|18|0D|10|0D|0D|0D|09|0D|0F|0D|17|0D|18|0D|12|0D|14|0D|15|0D|14|0D|10|0D|18|0D|13|0D|18|0D|07|0D|07|0D|0A|0D|13|0D|09|0D|08|0D|09|0D|07|0D|08|0D|0C|0D|0B|0D|08|0D|13|0D|11|0D|08|0D|08|0D|08|0D|08|0D|09|0D|09|0D|08|0D|0C|0D|0B|0D|09|0D|0E|0D|08|0D|09|0D|07|0D|11|0D|07|09|01|01|00|12|3F|3F|3F|3F|3F|3E|3E|3F|3F|3F|3F|3F|3F|3F|3F|3F|3E|3E|85|
本次输出流写了452字节数据.

连接断开
Connection from 127.0.0.1
连接断开